running build_ext
building 'fused_ssim_cuda' extension
Emitting ninja build file C:\Users\Admin\CG-WM\1.Isotropic_spherical_primitives\gaussian-splatting-main\submodules\fused-ssim\build\temp.win-amd64-cpython-310\Release\build.ninja...
Compiling objects...
Using envvar MAX_JOBS (1) as the number of workers...
[1/1] C:\Program Files\NVIDIA GPU Computing Toolkit\CUDA\v11.8\bin\nvcc --generate-dependencies-with-compile --dependency-output C:\Users\Admin\CG-WM\1.Isotropic_spherical_primitives\gaussian-splatting-main\submodules\fused-ssim\build\temp.win-amd64-cpython-310\Release\ssim.obj.d -std=c++17 --use-local-env -Xcompiler /MD -Xcompiler /wd4819 -Xcompiler /wd4251 -Xcompiler /wd4244 -Xcompiler /wd4267 -Xcompiler /wd4275 -Xcompiler /wd4018 -Xcompiler /wd4190 -Xcompiler /wd4624 -Xcompiler /wd4067 -Xcompiler /wd4068 -Xcompiler /EHsc -Xcudafe --diag_suppress=base_class_has_different_dll_interface -Xcudafe --diag_suppress=field_without_dll_interface -Xcudafe --diag_suppress=dll_interface_conflict_none_assumed -Xcudafe --diag_suppress=dll_interface_conflict_dllexport_assumed -IC:\Users\Admin\anaconda3\envs\gs\lib\site-packages\torch\include -IC:\Users\Admin\anaconda3\envs\gs\lib\site-packages\torch\include\torch\csrc\api\include -IC:\Users\Admin\anaconda3\envs\gs\lib\site-packages\torch\include\TH -IC:\Users\Admin\anaconda3\envs\gs\lib\site-packages\torch\include\THC "-IC:\Program Files\NVIDIA GPU Computing Toolkit\CUDA\v11.8\include" -IC:\Users\Admin\anaconda3\envs\gs\include -IC:\Users\Admin\anaconda3\envs\gs\Include "-IC:\Program Files\Microsoft Visual Studio\2022\Community\VC\Tools\MSVC\14.38.33130\include" "-IC:\Program Files\Microsoft Visual Studio\2022\Community\VC\Auxiliary\VS\include" "-IC:\Program Files (x86)\Windows Kits\10\include\10.0.26100.0\ucrt" "-IC:\Program Files (x86)\Windows Kits\10\\include\10.0.26100.0\\um" "-IC:\Program Files (x86)\Windows Kits\10\\include\10.0.26100.0\\shared" "-IC:\Program Files (x86)\Windows Kits\10\\include\10.0.26100.0\\winrt" "-IC:\Program Files (x86)\Windows Kits\10\\include\10.0.26100.0\\cppwinrt" "-IC:\Program Files\Microsoft Visual Studio\2022\Community\VC\Tools\MSVC\14.38.33130\include" "-IC:\Program Files\Microsoft Visual Studio\2022\Community\VC\Auxiliary\VS\include" "-IC:\Program Files (x86)\Windows Kits\10\include\10.0.26100.0\ucrt" "-IC:\Program Files (x86)\Windows Kits\10\\include\10.0.26100.0\\um" "-IC:\Program Files (x86)\Windows Kits\10\\include\10.0.26100.0\\shared" "-IC:\Program Files (x86)\Windows Kits\10\\include\10.0.26100.0\\winrt" "-IC:\Program Files (x86)\Windows Kits\10\\include\10.0.26100.0\\cppwinrt" "-IC:\Program Files\Microsoft Visual Studio\2022\Community\VC\Tools\MSVC\14.38.33130\include" "-IC:\Program Files\Microsoft Visual Studio\2022\Community\VC\Auxiliary\VS\include" "-IC:\Program Files (x86)\Windows Kits\10\include\10.0.26100.0\ucrt" "-IC:\Program Files (x86)\Windows Kits\10\\include\10.0.26100.0\\um" "-IC:\Program Files (x86)\Windows Kits\10\\include\10.0.26100.0\\shared" "-IC:\Program Files (x86)\Windows Kits\10\\include\10.0.26100.0\\winrt" "-IC:\Program Files (x86)\Windows Kits\10\\include\10.0.26100.0\\cppwinrt" "-IC:\Program Files (x86)\Windows Kits\10\include\10.0.26100.0\ucrt" "-IC:\Program Files (x86)\Windows Kits\10\\include\10.0.26100.0\\um" "-IC:\Program Files (x86)\Windows Kits\10\\include\10.0.26100.0\\shared" "-IC:\Program Files (x86)\Windows Kits\10\\include\10.0.26100.0\\winrt" "-IC:\Program Files (x86)\Windows Kits\10\\include\10.0.26100.0\\cppwinrt" "-IC:\Program Files\Microsoft Visual Studio\2022\Community\VC\Tools\MSVC\14.44.35207\include" "-IC:\Program Files\Microsoft Visual Studio\2022\Community\VC\Tools\MSVC\14.44.35207\ATLMFC\include" "-IC:\Program Files\Microsoft Visual Studio\2022\Community\VC\Auxiliary\VS\include" "-IC:\Program Files (x86)\Windows Kits\10\include\10.0.26100.0\ucrt" "-IC:\Program Files (x86)\Windows Kits\10\\include\10.0.26100.0\\um" "-IC:\Program Files (x86)\Windows Kits\10\\include\10.0.26100.0\\shared" "-IC:\Program Files (x86)\Windows Kits\10\\include\10.0.26100.0\\winrt" "-IC:\Program Files (x86)\Windows Kits\10\\include\10.0.26100.0\\cppwinrt" -c C:\Users\Admin\CG-WM\1.Isotropic_spherical_primitives\gaussian-splatting-main\submodules\fused-ssim\ssim.cu -o C:\Users\Admin\CG-WM\1.Isotropic_spherical_primitives\gaussian-splatting-main\submodules\fused-ssim\build\temp.win-amd64-cpython-310\Release\ssim.obj -D__CUDA_NO_HALF_OPERATORS__ -D__CUDA_NO_HALF_CONVERSIONS__ -D__CUDA_NO_BFLOAT16_CONVERSIONS__ -D__CUDA_NO_HALF2_OPERATORS__ --expt-relaxed-constexpr -DTORCH_API_INCLUDE_EXTENSION_H -DTORCH_EXTENSION_NAME=fused_ssim_cuda -D_GLIBCXX_USE_CXX11_ABI=0 -gencode=arch=compute_86,code=sm_86
FAILED: [code=1] C:/Users/Admin/CG-WM/1.Isotropic_spherical_primitives/gaussian-splatting-main/submodules/fused-ssim/build/temp.win-amd64-cpython-310/Release/ssim.obj 
C:\Program Files\NVIDIA GPU Computing Toolkit\CUDA\v11.8\bin\nvcc --generate-dependencies-with-compile --dependency-output C:\Users\Admin\CG-WM\1.Isotropic_spherical_primitives\gaussian-splatting-main\submodules\fused-ssim\build\temp.win-amd64-cpython-310\Release\ssim.obj.d -std=c++17 --use-local-env -Xcompiler /MD -Xcompiler /wd4819 -Xcompiler /wd4251 -Xcompiler /wd4244 -Xcompiler /wd4267 -Xcompiler /wd4275 -Xcompiler /wd4018 -Xcompiler /wd4190 -Xcompiler /wd4624 -Xcompiler /wd4067 -Xcompiler /wd4068 -Xcompiler /EHsc -Xcudafe --diag_suppress=base_class_has_different_dll_interface -Xcudafe --diag_suppress=field_without_dll_interface -Xcudafe --diag_suppress=dll_interface_conflict_none_assumed -Xcudafe --diag_suppress=dll_interface_conflict_dllexport_assumed -IC:\Users\Admin\anaconda3\envs\gs\lib\site-packages\torch\include -IC:\Users\Admin\anaconda3\envs\gs\lib\site-packages\torch\include\torch\csrc\api\include -IC:\Users\Admin\anaconda3\envs\gs\lib\site-packages\torch\include\TH -IC:\Users\Admin\anaconda3\envs\gs\lib\site-packages\torch\include\THC "-IC:\Program Files\NVIDIA GPU Computing Toolkit\CUDA\v11.8\include" -IC:\Users\Admin\anaconda3\envs\gs\include -IC:\Users\Admin\anaconda3\envs\gs\Include "-IC:\Program Files\Microsoft Visual Studio\2022\Community\VC\Tools\MSVC\14.38.33130\include" "-IC:\Program Files\Microsoft Visual Studio\2022\Community\VC\Auxiliary\VS\include" "-IC:\Program Files (x86)\Windows Kits\10\include\10.0.26100.0\ucrt" "-IC:\Program Files (x86)\Windows Kits\10\\include\10.0.26100.0\\um" "-IC:\Program Files (x86)\Windows Kits\10\\include\10.0.26100.0\\shared" "-IC:\Program Files (x86)\Windows Kits\10\\include\10.0.26100.0\\winrt" "-IC:\Program Files (x86)\Windows Kits\10\\include\10.0.26100.0\\cppwinrt" "-IC:\Program Files\Microsoft Visual Studio\2022\Community\VC\Tools\MSVC\14.38.33130\include" "-IC:\Program Files\Microsoft Visual Studio\2022\Community\VC\Auxiliary\VS\include" "-IC:\Program Files (x86)\Windows Kits\10\include\10.0.26100.0\ucrt" "-IC:\Program Files (x86)\Windows Kits\10\\include\10.0.26100.0\\um" "-IC:\Program Files (x86)\Windows Kits\10\\include\10.0.26100.0\\shared" "-IC:\Program Files (x86)\Windows Kits\10\\include\10.0.26100.0\\winrt" "-IC:\Program Files (x86)\Windows Kits\10\\include\10.0.26100.0\\cppwinrt" "-IC:\Program Files\Microsoft Visual Studio\2022\Community\VC\Tools\MSVC\14.38.33130\include" "-IC:\Program Files\Microsoft Visual Studio\2022\Community\VC\Auxiliary\VS\include" "-IC:\Program Files (x86)\Windows Kits\10\include\10.0.26100.0\ucrt" "-IC:\Program Files (x86)\Windows Kits\10\\include\10.0.26100.0\\um" "-IC:\Program Files (x86)\Windows Kits\10\\include\10.0.26100.0\\shared" "-IC:\Program Files (x86)\Windows Kits\10\\include\10.0.26100.0\\winrt" "-IC:\Program Files (x86)\Windows Kits\10\\include\10.0.26100.0\\cppwinrt" "-IC:\Program Files (x86)\Windows Kits\10\include\10.0.26100.0\ucrt" "-IC:\Program Files (x86)\Windows Kits\10\\include\10.0.26100.0\\um" "-IC:\Program Files (x86)\Windows Kits\10\\include\10.0.26100.0\\shared" "-IC:\Program Files (x86)\Windows Kits\10\\include\10.0.26100.0\\winrt" "-IC:\Program Files (x86)\Windows Kits\10\\include\10.0.26100.0\\cppwinrt" "-IC:\Program Files\Microsoft Visual Studio\2022\Community\VC\Tools\MSVC\14.44.35207\include" "-IC:\Program Files\Microsoft Visual Studio\2022\Community\VC\Tools\MSVC\14.44.35207\ATLMFC\include" "-IC:\Program Files\Microsoft Visual Studio\2022\Community\VC\Auxiliary\VS\include" "-IC:\Program Files (x86)\Windows Kits\10\include\10.0.26100.0\ucrt" "-IC:\Program Files (x86)\Windows Kits\10\\include\10.0.26100.0\\um" "-IC:\Program Files (x86)\Windows Kits\10\\include\10.0.26100.0\\shared" "-IC:\Program Files (x86)\Windows Kits\10\\include\10.0.26100.0\\winrt" "-IC:\Program Files (x86)\Windows Kits\10\\include\10.0.26100.0\\cppwinrt" -c C:\Users\Admin\CG-WM\1.Isotropic_spherical_primitives\gaussian-splatting-main\submodules\fused-ssim\ssim.cu -o C:\Users\Admin\CG-WM\1.Isotropic_spherical_primitives\gaussian-splatting-main\submodules\fused-ssim\build\temp.win-amd64-cpython-310\Release\ssim.obj -D__CUDA_NO_HALF_OPERATORS__ -D__CUDA_NO_HALF_CONVERSIONS__ -D__CUDA_NO_BFLOAT16_CONVERSIONS__ -D__CUDA_NO_HALF2_OPERATORS__ --expt-relaxed-constexpr -DTORCH_API_INCLUDE_EXTENSION_H -DTORCH_EXTENSION_NAME=fused_ssim_cuda -D_GLIBCXX_USE_CXX11_ABI=0 -gencode=arch=compute_86,code=sm_86
'cl.exe'Ŕş(´Â) ł»şÎ ¶Ç´Â żÜşÎ ¸í·É, ˝ÇÇŕÇŇ Ľö ŔÖ´Â ÇÁ·Î±×·Ą, ¶Ç´Â
ąčÄˇ ĆÄŔĎŔĚ ľĆ´Ő´Ď´Ů.
ssim.cu
ninja: build stopped: subcommand failed.
Traceback (most recent call last):
  File "C:\Users\Admin\anaconda3\envs\gs\lib\site-packages\torch\utils\cpp_extension.py", line 2104, in _run_ninja_build
    subprocess.run(
  File "C:\Users\Admin\anaconda3\envs\gs\lib\subprocess.py", line 526, in run
    raise CalledProcessError(retcode, process.args,
subprocess.CalledProcessError: Command '['ninja', '-v', '-j', '1']' returned non-zero exit status 1.

The above exception was the direct cause of the following exception:

Traceback (most recent call last):
  File "C:\Users\Admin\CG-WM\1.Isotropic_spherical_primitives\gaussian-splatting-main\submodules\fused-ssim\setup.py", line 4, in <module>
    setup(
  File "C:\Users\Admin\anaconda3\envs\gs\lib\site-packages\setuptools\__init__.py", line 117, in setup
    return distutils.core.setup(**attrs)  # type: ignore[return-value]
  File "C:\Users\Admin\anaconda3\envs\gs\lib\site-packages\setuptools\_distutils\core.py", line 186, in setup
    return run_commands(dist)
  File "C:\Users\Admin\anaconda3\envs\gs\lib\site-packages\setuptools\_distutils\core.py", line 202, in run_commands
    dist.run_commands()
  File "C:\Users\Admin\anaconda3\envs\gs\lib\site-packages\setuptools\_distutils\dist.py", line 1002, in run_commands
    self.run_command(cmd)
  File "C:\Users\Admin\anaconda3\envs\gs\lib\site-packages\setuptools\dist.py", line 1107, in run_command
    super().run_command(command)
  File "C:\Users\Admin\anaconda3\envs\gs\lib\site-packages\setuptools\_distutils\dist.py", line 1021, in run_command
    cmd_obj.run()
  File "C:\Users\Admin\anaconda3\envs\gs\lib\site-packages\setuptools\command\build_ext.py", line 97, in run
    _build_ext.run(self)
  File "C:\Users\Admin\anaconda3\envs\gs\lib\site-packages\setuptools\_distutils\command\build_ext.py", line 368, in run
    self.build_extensions()
  File "C:\Users\Admin\anaconda3\envs\gs\lib\site-packages\torch\utils\cpp_extension.py", line 868, in build_extensions
    build_ext.build_extensions(self)
  File "C:\Users\Admin\anaconda3\envs\gs\lib\site-packages\setuptools\_distutils\command\build_ext.py", line 484, in build_extensions
    self._build_extensions_serial()
  File "C:\Users\Admin\anaconda3\envs\gs\lib\site-packages\setuptools\_distutils\command\build_ext.py", line 510, in _build_extensions_serial
    self.build_extension(ext)
  File "C:\Users\Admin\anaconda3\envs\gs\lib\site-packages\setuptools\command\build_ext.py", line 262, in build_extension
    _build_ext.build_extension(self, ext)
  File "C:\Users\Admin\anaconda3\envs\gs\lib\site-packages\setuptools\_distutils\command\build_ext.py", line 565, in build_extension
    objects = self.compiler.compile(
  File "C:\Users\Admin\anaconda3\envs\gs\lib\site-packages\torch\utils\cpp_extension.py", line 840, in win_wrap_ninja_compile
    _write_ninja_file_and_compile_objects(
  File "C:\Users\Admin\anaconda3\envs\gs\lib\site-packages\torch\utils\cpp_extension.py", line 1784, in _write_ninja_file_and_compile_objects
    _run_ninja_build(
  File "C:\Users\Admin\anaconda3\envs\gs\lib\site-packages\torch\utils\cpp_extension.py", line 2120, in _run_ninja_build
    raise RuntimeError(message) from e
RuntimeError: Error compiling objects for extension
