Using pip 26.0.1 from C:\Users\Admin\anaconda3\envs\gs\lib\site-packages\pip (python 3.10)
Processing .\.
  Preparing metadata (pyproject.toml): started
  Running command Preparing metadata (pyproject.toml)
  running dist_info
  creating C:\Users\Admin\AppData\Local\Temp\pip-modern-metadata-_m35vped\simple_knn.egg-info
  writing C:\Users\Admin\AppData\Local\Temp\pip-modern-metadata-_m35vped\simple_knn.egg-info\PKG-INFO
  writing dependency_links to C:\Users\Admin\AppData\Local\Temp\pip-modern-metadata-_m35vped\simple_knn.egg-info\dependency_links.txt
  writing top-level names to C:\Users\Admin\AppData\Local\Temp\pip-modern-metadata-_m35vped\simple_knn.egg-info\top_level.txt
  writing manifest file 'C:\Users\Admin\AppData\Local\Temp\pip-modern-metadata-_m35vped\simple_knn.egg-info\SOURCES.txt'
  reading manifest file 'C:\Users\Admin\AppData\Local\Temp\pip-modern-metadata-_m35vped\simple_knn.egg-info\SOURCES.txt'
  adding license file 'LICENSE.md'
  writing manifest file 'C:\Users\Admin\AppData\Local\Temp\pip-modern-metadata-_m35vped\simple_knn.egg-info\SOURCES.txt'
  creating 'C:\Users\Admin\AppData\Local\Temp\pip-modern-metadata-_m35vped\simple_knn-0.0.0.dist-info'
  Preparing metadata (pyproject.toml): finished with status 'done'
Building wheels for collected packages: simple_knn
  Building wheel for simple_knn (pyproject.toml): started
  Running command Building wheel for simple_knn (pyproject.toml)
  running bdist_wheel
  running build
  running build_ext
  building 'simple_knn._C' extension
  Emitting ninja build file C:\Users\Admin\CG-WM\1.Isotropic_spherical_primitives\gaussian-splatting-main\submodules\simple-knn\build\temp.win-amd64-cpython-310\Release\build.ninja...
  Compiling objects...
  Using envvar MAX_JOBS (1) as the number of workers...
  [1/2] C:\Program Files\NVIDIA GPU Computing Toolkit\CUDA\v11.8\bin\nvcc --generate-dependencies-with-compile --dependency-output C:\Users\Admin\CG-WM\1.Isotropic_spherical_primitives\gaussian-splatting-main\submodules\simple-knn\build\temp.win-amd64-cpython-310\Release\simple_knn.obj.d -std=c++17 --use-local-env -Xcompiler /MD -Xcompiler /wd4819 -Xcompiler /wd4251 -Xcompiler /wd4244 -Xcompiler /wd4267 -Xcompiler /wd4275 -Xcompiler /wd4018 -Xcompiler /wd4190 -Xcompiler /wd4624 -Xcompiler /wd4067 -Xcompiler /wd4068 -Xcompiler /EHsc -Xcudafe --diag_suppress=base_class_has_different_dll_interface -Xcudafe --diag_suppress=field_without_dll_interface -Xcudafe --diag_suppress=dll_interface_conflict_none_assumed -Xcudafe --diag_suppress=dll_interface_conflict_dllexport_assumed -IC:\Users\Admin\anaconda3\envs\gs\lib\site-packages\torch\include -IC:\Users\Admin\anaconda3\envs\gs\lib\site-packages\torch\include\torch\csrc\api\include -IC:\Users\Admin\anaconda3\envs\gs\lib\site-packages\torch\include\TH -IC:\Users\Admin\anaconda3\envs\gs\lib\site-packages\torch\include\THC "-IC:\Program Files\NVIDIA GPU Computing Toolkit\CUDA\v11.8\include" -IC:\Users\Admin\anaconda3\envs\gs\include -IC:\Users\Admin\anaconda3\envs\gs\Include "-IC:\Program Files\Microsoft Visual Studio\18\Community\VC\Tools\MSVC\14.50.35717\include" "-IC:\Program Files\Microsoft Visual Studio\18\Community\VC\Tools\MSVC\14.50.35717\ATLMFC\include" "-IC:\Program Files\Microsoft Visual Studio\18\Community\VC\Auxiliary\VS\include" "-IC:\Program Files (x86)\Windows Kits\10\include\10.0.26100.0\ucrt" "-IC:\Program Files (x86)\Windows Kits\10\\include\10.0.26100.0\\um" "-IC:\Program Files (x86)\Windows Kits\10\\include\10.0.26100.0\\shared" "-IC:\Program Files (x86)\Windows Kits\10\\include\10.0.26100.0\\winrt" "-IC:\Program Files (x86)\Windows Kits\10\\include\10.0.26100.0\\cppwinrt" -c C:\Users\Admin\CG-WM\1.Isotropic_spherical_primitives\gaussian-splatting-main\submodules\simple-knn\simple_knn.cu -o C:\Users\Admin\CG-WM\1.Isotropic_spherical_primitives\gaussian-splatting-main\submodules\simple-knn\build\temp.win-amd64-cpython-310\Release\simple_knn.obj -D__CUDA_NO_HALF_OPERATORS__ -D__CUDA_NO_HALF_CONVERSIONS__ -D__CUDA_NO_BFLOAT16_CONVERSIONS__ -D__CUDA_NO_HALF2_OPERATORS__ --expt-relaxed-constexpr -DTORCH_API_INCLUDE_EXTENSION_H -DTORCH_EXTENSION_NAME=_C -D_GLIBCXX_USE_CXX11_ABI=0 -gencode=arch=compute_86,code=sm_86
  FAILED: [code=2] C:/Users/Admin/CG-WM/1.Isotropic_spherical_primitives/gaussian-splatting-main/submodules/simple-knn/build/temp.win-amd64-cpython-310/Release/simple_knn.obj
  C:\Program Files\NVIDIA GPU Computing Toolkit\CUDA\v11.8\bin\nvcc --generate-dependencies-with-compile --dependency-output C:\Users\Admin\CG-WM\1.Isotropic_spherical_primitives\gaussian-splatting-main\submodules\simple-knn\build\temp.win-amd64-cpython-310\Release\simple_knn.obj.d -std=c++17 --use-local-env -Xcompiler /MD -Xcompiler /wd4819 -Xcompiler /wd4251 -Xcompiler /wd4244 -Xcompiler /wd4267 -Xcompiler /wd4275 -Xcompiler /wd4018 -Xcompiler /wd4190 -Xcompiler /wd4624 -Xcompiler /wd4067 -Xcompiler /wd4068 -Xcompiler /EHsc -Xcudafe --diag_suppress=base_class_has_different_dll_interface -Xcudafe --diag_suppress=field_without_dll_interface -Xcudafe --diag_suppress=dll_interface_conflict_none_assumed -Xcudafe --diag_suppress=dll_interface_conflict_dllexport_assumed -IC:\Users\Admin\anaconda3\envs\gs\lib\site-packages\torch\include -IC:\Users\Admin\anaconda3\envs\gs\lib\site-packages\torch\include\torch\csrc\api\include -IC:\Users\Admin\anaconda3\envs\gs\lib\site-packages\torch\include\TH -IC:\Users\Admin\anaconda3\envs\gs\lib\site-packages\torch\include\THC "-IC:\Program Files\NVIDIA GPU Computing Toolkit\CUDA\v11.8\include" -IC:\Users\Admin\anaconda3\envs\gs\include -IC:\Users\Admin\anaconda3\envs\gs\Include "-IC:\Program Files\Microsoft Visual Studio\18\Community\VC\Tools\MSVC\14.50.35717\include" "-IC:\Program Files\Microsoft Visual Studio\18\Community\VC\Tools\MSVC\14.50.35717\ATLMFC\include" "-IC:\Program Files\Microsoft Visual Studio\18\Community\VC\Auxiliary\VS\include" "-IC:\Program Files (x86)\Windows Kits\10\include\10.0.26100.0\ucrt" "-IC:\Program Files (x86)\Windows Kits\10\\include\10.0.26100.0\\um" "-IC:\Program Files (x86)\Windows Kits\10\\include\10.0.26100.0\\shared" "-IC:\Program Files (x86)\Windows Kits\10\\include\10.0.26100.0\\winrt" "-IC:\Program Files (x86)\Windows Kits\10\\include\10.0.26100.0\\cppwinrt" -c C:\Users\Admin\CG-WM\1.Isotropic_spherical_primitives\gaussian-splatting-main\submodules\simple-knn\simple_knn.cu -o C:\Users\Admin\CG-WM\1.Isotropic_spherical_primitives\gaussian-splatting-main\submodules\simple-knn\build\temp.win-amd64-cpython-310\Release\simple_knn.obj -D__CUDA_NO_HALF_OPERATORS__ -D__CUDA_NO_HALF_CONVERSIONS__ -D__CUDA_NO_BFLOAT16_CONVERSIONS__ -D__CUDA_NO_HALF2_OPERATORS__ --expt-relaxed-constexpr -DTORCH_API_INCLUDE_EXTENSION_H -DTORCH_EXTENSION_NAME=_C -D_GLIBCXX_USE_CXX11_ABI=0 -gencode=arch=compute_86,code=sm_86
  C:\Program Files\NVIDIA GPU Computing Toolkit\CUDA\v11.8\include\crt/host_config.h(153): fatal error C1189: #error:  -- unsupported Microsoft Visual Studio version! Only the versions between 2017 and 2022 (inclusive) are supported! The nvcc flag '-allow-unsupported-compiler' can be used to override this version check; however, using an unsupported host compiler may cause compilation failure or incorrect run time execution. Use at your own risk.
  simple_knn.cu
  ninja: build stopped: subcommand failed.
  Traceback (most recent call last):
    File "C:\Users\Admin\anaconda3\envs\gs\lib\site-packages\torch\utils\cpp_extension.py", line 2104, in _run_ninja_build
      subprocess.run(
    File "C:\Users\Admin\anaconda3\envs\gs\lib\subprocess.py", line 526, in run
      raise CalledProcessError(retcode, process.args,
  subprocess.CalledProcessError: Command '['ninja', '-v', '-j', '1']' returned non-zero exit status 2.

  The above exception was the direct cause of the following exception:

  Traceback (most recent call last):
    File "C:\Users\Admin\anaconda3\envs\gs\lib\site-packages\pip\_vendor\pyproject_hooks\_in_process\_in_process.py", line 389, in <module>
      main()
    File "C:\Users\Admin\anaconda3\envs\gs\lib\site-packages\pip\_vendor\pyproject_hooks\_in_process\_in_process.py", line 373, in main
      json_out["return_val"] = hook(**hook_input["kwargs"])
    File "C:\Users\Admin\anaconda3\envs\gs\lib\site-packages\pip\_vendor\pyproject_hooks\_in_process\_in_process.py", line 280, in build_wheel
      return _build_backend().build_wheel(
    File "C:\Users\Admin\anaconda3\envs\gs\lib\site-packages\setuptools\build_meta.py", line 439, in build_wheel
      return _build(['bdist_wheel', '--dist-info-dir', str(metadata_directory)])
    File "C:\Users\Admin\anaconda3\envs\gs\lib\site-packages\setuptools\build_meta.py", line 427, in _build
      return self._build_with_temp_dir(
    File "C:\Users\Admin\anaconda3\envs\gs\lib\site-packages\setuptools\build_meta.py", line 408, in _build_with_temp_dir
      self.run_setup()
    File "C:\Users\Admin\anaconda3\envs\gs\lib\site-packages\setuptools\build_meta.py", line 518, in run_setup
      super().run_setup(setup_script=setup_script)
    File "C:\Users\Admin\anaconda3\envs\gs\lib\site-packages\setuptools\build_meta.py", line 317, in run_setup
      exec(code, locals())
    File "<string>", line 21, in <module>
    File "C:\Users\Admin\anaconda3\envs\gs\lib\site-packages\setuptools\__init__.py", line 117, in setup
      return distutils.core.setup(**attrs)  # type: ignore[return-value]
    File "C:\Users\Admin\anaconda3\envs\gs\lib\site-packages\setuptools\_distutils\core.py", line 186, in setup
      return run_commands(dist)
    File "C:\Users\Admin\anaconda3\envs\gs\lib\site-packages\setuptools\_distutils\core.py", line 202, in run_commands
      dist.run_commands()
    File "C:\Users\Admin\anaconda3\envs\gs\lib\site-packages\setuptools\_distutils\dist.py", line 1002, in run_commands
      self.run_command(cmd)
    File "C:\Users\Admin\anaconda3\envs\gs\lib\site-packages\setuptools\dist.py", line 1107, in run_command
      super().run_command(command)
    File "C:\Users\Admin\anaconda3\envs\gs\lib\site-packages\setuptools\_distutils\dist.py", line 1021, in run_command
      cmd_obj.run()
    File "C:\Users\Admin\anaconda3\envs\gs\lib\site-packages\setuptools\command\bdist_wheel.py", line 370, in run
      self.run_command("build")
    File "C:\Users\Admin\anaconda3\envs\gs\lib\site-packages\setuptools\_distutils\cmd.py", line 357, in run_command
      self.distribution.run_command(command)
    File "C:\Users\Admin\anaconda3\envs\gs\lib\site-packages\setuptools\dist.py", line 1107, in run_command
      super().run_command(command)
    File "C:\Users\Admin\anaconda3\envs\gs\lib\site-packages\setuptools\_distutils\dist.py", line 1021, in run_command
      cmd_obj.run()
    File "C:\Users\Admin\anaconda3\envs\gs\lib\site-packages\setuptools\_distutils\command\build.py", line 135, in run
      self.run_command(cmd_name)
    File "C:\Users\Admin\anaconda3\envs\gs\lib\site-packages\setuptools\_distutils\cmd.py", line 357, in run_command
      self.distribution.run_command(command)
    File "C:\Users\Admin\anaconda3\envs\gs\lib\site-packages\setuptools\dist.py", line 1107, in run_command
      super().run_command(command)
    File "C:\Users\Admin\anaconda3\envs\gs\lib\site-packages\setuptools\_distutils\dist.py", line 1021, in run_command
      cmd_obj.run()
    File "C:\Users\Admin\anaconda3\envs\gs\lib\site-packages\setuptools\command\build_ext.py", line 97, in run
      _build_ext.run(self)
    File "C:\Users\Admin\anaconda3\envs\gs\lib\site-packages\setuptools\_distutils\command\build_ext.py", line 368, in run
      self.build_extensions()
    File "C:\Users\Admin\anaconda3\envs\gs\lib\site-packages\torch\utils\cpp_extension.py", line 868, in build_extensions
      build_ext.build_extensions(self)
    File "C:\Users\Admin\anaconda3\envs\gs\lib\site-packages\setuptools\_distutils\command\build_ext.py", line 484, in build_extensions
      self._build_extensions_serial()
    File "C:\Users\Admin\anaconda3\envs\gs\lib\site-packages\setuptools\_distutils\command\build_ext.py", line 510, in _build_extensions_serial
      self.build_extension(ext)
    File "C:\Users\Admin\anaconda3\envs\gs\lib\site-packages\setuptools\command\build_ext.py", line 262, in build_extension
      _build_ext.build_extension(self, ext)
    File "C:\Users\Admin\anaconda3\envs\gs\lib\site-packages\setuptools\_distutils\command\build_ext.py", line 565, in build_extension
      objects = self.compiler.compile(
    File "C:\Users\Admin\anaconda3\envs\gs\lib\site-packages\torch\utils\cpp_extension.py", line 840, in win_wrap_ninja_compile
      _write_ninja_file_and_compile_objects(
    File "C:\Users\Admin\anaconda3\envs\gs\lib\site-packages\torch\utils\cpp_extension.py", line 1784, in _write_ninja_file_and_compile_objects
      _run_ninja_build(
    File "C:\Users\Admin\anaconda3\envs\gs\lib\site-packages\torch\utils\cpp_extension.py", line 2120, in _run_ninja_build
      raise RuntimeError(message) from e
  RuntimeError: Error compiling objects for extension
  error: subprocess-exited-with-error
  
  Building wheel for simple_knn (pyproject.toml) did not run successfully.
  exit code: 1
  
  No available output.
  
  note: This error originates from a subprocess, and is likely not a problem with pip.
  full command: 'C:\Users\Admin\anaconda3\envs\gs\python.exe' 'C:\Users\Admin\anaconda3\envs\gs\lib\site-packages\pip\_vendor\pyproject_hooks\_in_process\_in_process.py' build_wheel 'C:\Users\Admin\AppData\Local\Temp\tmpko_z_a10'
  cwd: C:\Users\Admin\CG-WM\1.Isotropic_spherical_primitives\gaussian-splatting-main\submodules\simple-knn
  Building wheel for simple_knn (pyproject.toml): finished with status 'error'
  ERROR: Failed building wheel for simple_knn
Failed to build simple_knn
error: failed-wheel-build-for-install

Failed to build installable wheels for some pyproject.toml based projects

simple_knn
