Using pip 26.0.1 from C:\Users\Admin\anaconda3\envs\gs\lib\site-packages\pip (python 3.10)
Processing .\.
  Preparing metadata (pyproject.toml): started
  Running command Preparing metadata (pyproject.toml)
  running dist_info
  creating C:\Users\Admin\AppData\Local\Temp\pip-modern-metadata-pm27vc64\simple_knn.egg-info
  writing C:\Users\Admin\AppData\Local\Temp\pip-modern-metadata-pm27vc64\simple_knn.egg-info\PKG-INFO
  writing dependency_links to C:\Users\Admin\AppData\Local\Temp\pip-modern-metadata-pm27vc64\simple_knn.egg-info\dependency_links.txt
  writing top-level names to C:\Users\Admin\AppData\Local\Temp\pip-modern-metadata-pm27vc64\simple_knn.egg-info\top_level.txt
  writing manifest file 'C:\Users\Admin\AppData\Local\Temp\pip-modern-metadata-pm27vc64\simple_knn.egg-info\SOURCES.txt'
  reading manifest file 'C:\Users\Admin\AppData\Local\Temp\pip-modern-metadata-pm27vc64\simple_knn.egg-info\SOURCES.txt'
  adding license file 'LICENSE.md'
  writing manifest file 'C:\Users\Admin\AppData\Local\Temp\pip-modern-metadata-pm27vc64\simple_knn.egg-info\SOURCES.txt'
  creating 'C:\Users\Admin\AppData\Local\Temp\pip-modern-metadata-pm27vc64\simple_knn-0.0.0.dist-info'
  Preparing metadata (pyproject.toml): finished with status 'done'
Building wheels for collected packages: simple_knn
  Building wheel for simple_knn (pyproject.toml): started
  Running command Building wheel for simple_knn (pyproject.toml)
  running bdist_wheel
  running build
  running build_ext
  error: [WinError 2] ¡ˆ¡§µ» ∆ƒ¿œ¿ª √£¿ª ºˆ æ¯Ω¿¥œ¥Ÿ
  error: subprocess-exited-with-error
  
  Building wheel for simple_knn (pyproject.toml) did not run successfully.
  exit code: 1
  
  No available output.
  
  note: This error originates from a subprocess, and is likely not a problem with pip.
  full command: 'C:\Users\Admin\anaconda3\envs\gs\python.exe' 'C:\Users\Admin\anaconda3\envs\gs\lib\site-packages\pip\_vendor\pyproject_hooks\_in_process\_in_process.py' build_wheel 'C:\Users\Admin\AppData\Local\Temp\tmp_et7ia66'
  cwd: C:\Users\Admin\CG-WM\1.Isotropic_spherical_primitives\gaussian-splatting-main\submodules\simple-knn
  Building wheel for simple_knn (pyproject.toml): finished with status 'error'
  ERROR: Failed building wheel for simple_knn
Failed to build simple_knn
error: failed-wheel-build-for-install

Failed to build installable wheels for some pyproject.toml based projects

simple_knn
